[    1805ms] Error: Minified React error #418; visit https://react.dev/errors/418?args[]=text&args[]= for the full message or use the non-minified dev environment for full errors and additional helpful warnings.
    at pt (https://adpena.com/_astro/client.BrVvuY-8.js:8:31372)
    at v0 (https://adpena.com/_astro/client.BrVvuY-8.js:8:32391)
    at Rm (https://adpena.com/_astro/client.BrVvuY-8.js:8:86268)
    at sn (https://adpena.com/_astro/client.BrVvuY-8.js:8:117183)
    at n1 (https://adpena.com/_astro/client.BrVvuY-8.js:8:116442)
    at wm (https://adpena.com/_astro/client.BrVvuY-8.js:8:116354)
    at Wm (https://adpena.com/_astro/client.BrVvuY-8.js:8:116214)
    at Pv (https://adpena.com/_astro/client.BrVvuY-8.js:8:111778)
    at z1 (https://adpena.com/_astro/client.BrVvuY-8.js:8:123785)
    at MessagePort.Ba (https://adpena.com/_astro/client.BrVvuY-8.js:1:1834)
[    9518ms] Error: Minified React error #418; visit https://react.dev/errors/418?args[]=text&args[]= for the full message or use the non-minified dev environment for full errors and additional helpful warnings.
    at pt (https://adpena.com/_astro/client.BrVvuY-8.js:8:31372)
    at v0 (https://adpena.com/_astro/client.BrVvuY-8.js:8:32391)
    at Rm (https://adpena.com/_astro/client.BrVvuY-8.js:8:86268)
    at sn (https://adpena.com/_astro/client.BrVvuY-8.js:8:117183)
    at n1 (https://adpena.com/_astro/client.BrVvuY-8.js:8:116442)
    at wm (https://adpena.com/_astro/client.BrVvuY-8.js:8:116354)
    at Wm (https://adpena.com/_astro/client.BrVvuY-8.js:8:116214)
    at Pv (https://adpena.com/_astro/client.BrVvuY-8.js:8:111778)
    at z1 (https://adpena.com/_astro/client.BrVvuY-8.js:8:123785)
    at MessagePort.Ba (https://adpena.com/_astro/client.BrVvuY-8.js:1:1834)
[   12291ms] [ERROR] Failed to load resource: the server responded with a status of 404 () @ https://adpena.com/favicon.ico:0
[   13373ms] Error: Minified React error #418; visit https://react.dev/errors/418?args[]=text&args[]= for the full message or use the non-minified dev environment for full errors and additional helpful warnings.
    at pt (https://adpena.com/_astro/client.BrVvuY-8.js:8:31372)
    at v0 (https://adpena.com/_astro/client.BrVvuY-8.js:8:32391)
    at Rm (https://adpena.com/_astro/client.BrVvuY-8.js:8:86268)
    at sn (https://adpena.com/_astro/client.BrVvuY-8.js:8:117183)
    at n1 (https://adpena.com/_astro/client.BrVvuY-8.js:8:116442)
    at wm (https://adpena.com/_astro/client.BrVvuY-8.js:8:116354)
    at Wm (https://adpena.com/_astro/client.BrVvuY-8.js:8:116214)
    at Pv (https://adpena.com/_astro/client.BrVvuY-8.js:8:111778)
    at z1 (https://adpena.com/_astro/client.BrVvuY-8.js:8:123785)
    at MessagePort.Ba (https://adpena.com/_astro/client.BrVvuY-8.js:1:1834)
[   17500ms] Error: Minified React error #418; visit https://react.dev/errors/418?args[]=text&args[]= for the full message or use the non-minified dev environment for full errors and additional helpful warnings.
    at pt (https://adpena.com/_astro/client.BrVvuY-8.js:8:31372)
    at v0 (https://adpena.com/_astro/client.BrVvuY-8.js:8:32391)
    at Rm (https://adpena.com/_astro/client.BrVvuY-8.js:8:86268)
    at sn (https://adpena.com/_astro/client.BrVvuY-8.js:8:117183)
    at n1 (https://adpena.com/_astro/client.BrVvuY-8.js:8:116442)
    at wm (https://adpena.com/_astro/client.BrVvuY-8.js:8:116354)
    at Wm (https://adpena.com/_astro/client.BrVvuY-8.js:8:116214)
    at Pv (https://adpena.com/_astro/client.BrVvuY-8.js:8:111778)
    at z1 (https://adpena.com/_astro/client.BrVvuY-8.js:8:123785)
    at MessagePort.Ba (https://adpena.com/_astro/client.BrVvuY-8.js:1:1834)
[   20959ms] Error: Minified React error #418; visit https://react.dev/errors/418?args[]=text&args[]= for the full message or use the non-minified dev environment for full errors and additional helpful warnings.
    at pt (https://adpena.com/_astro/client.BrVvuY-8.js:8:31372)
    at v0 (https://adpena.com/_astro/client.BrVvuY-8.js:8:32391)
    at Rm (https://adpena.com/_astro/client.BrVvuY-8.js:8:86268)
    at sn (https://adpena.com/_astro/client.BrVvuY-8.js:8:117183)
    at n1 (https://adpena.com/_astro/client.BrVvuY-8.js:8:116442)
    at wm (https://adpena.com/_astro/client.BrVvuY-8.js:8:116354)
    at Wm (https://adpena.com/_astro/client.BrVvuY-8.js:8:116214)
    at Pv (https://adpena.com/_astro/client.BrVvuY-8.js:8:111778)
    at z1 (https://adpena.com/_astro/client.BrVvuY-8.js:8:123785)
    at MessagePort.Ba (https://adpena.com/_astro/client.BrVvuY-8.js:1:1834)
[   35978ms] Error: Minified React error #418; visit https://react.dev/errors/418?args[]=text&args[]= for the full message or use the non-minified dev environment for full errors and additional helpful warnings.
    at pt (https://adpena.com/_astro/client.BrVvuY-8.js:8:31372)
    at v0 (https://adpena.com/_astro/client.BrVvuY-8.js:8:32391)
    at Rm (https://adpena.com/_astro/client.BrVvuY-8.js:8:86268)
    at sn (https://adpena.com/_astro/client.BrVvuY-8.js:8:117183)
    at n1 (https://adpena.com/_astro/client.BrVvuY-8.js:8:116442)
    at wm (https://adpena.com/_astro/client.BrVvuY-8.js:8:116354)
    at Wm (https://adpena.com/_astro/client.BrVvuY-8.js:8:116214)
    at Pv (https://adpena.com/_astro/client.BrVvuY-8.js:8:111778)
    at z1 (https://adpena.com/_astro/client.BrVvuY-8.js:8:123785)
    at MessagePort.Ba (https://adpena.com/_astro/client.BrVvuY-8.js:1:1834)
[   46761ms] Error: Minified React error #418; visit https://react.dev/errors/418?args[]=text&args[]= for the full message or use the non-minified dev environment for full errors and additional helpful warnings.
    at pt (https://adpena.com/_astro/client.BrVvuY-8.js:8:31372)
    at v0 (https://adpena.com/_astro/client.BrVvuY-8.js:8:32391)
    at Rm (https://adpena.com/_astro/client.BrVvuY-8.js:8:86268)
    at sn (https://adpena.com/_astro/client.BrVvuY-8.js:8:117183)
    at n1 (https://adpena.com/_astro/client.BrVvuY-8.js:8:116442)
    at wm (https://adpena.com/_astro/client.BrVvuY-8.js:8:116354)
    at Wm (https://adpena.com/_astro/client.BrVvuY-8.js:8:116214)
    at Pv (https://adpena.com/_astro/client.BrVvuY-8.js:8:111778)
    at z1 (https://adpena.com/_astro/client.BrVvuY-8.js:8:123785)
    at MessagePort.Ba (https://adpena.com/_astro/client.BrVvuY-8.js:1:1834)
[   95899ms] Error: Minified React error #418; visit https://react.dev/errors/418?args[]=text&args[]= for the full message or use the non-minified dev environment for full errors and additional helpful warnings.
    at pt (https://adpena.com/_astro/client.BrVvuY-8.js:8:31372)
    at v0 (https://adpena.com/_astro/client.BrVvuY-8.js:8:32391)
    at Rm (https://adpena.com/_astro/client.BrVvuY-8.js:8:86268)
    at sn (https://adpena.com/_astro/client.BrVvuY-8.js:8:117183)
    at n1 (https://adpena.com/_astro/client.BrVvuY-8.js:8:116442)
    at wm (https://adpena.com/_astro/client.BrVvuY-8.js:8:116354)
    at Wm (https://adpena.com/_astro/client.BrVvuY-8.js:8:116214)
    at Pv (https://adpena.com/_astro/client.BrVvuY-8.js:8:111778)
    at z1 (https://adpena.com/_astro/client.BrVvuY-8.js:8:123785)
    at MessagePort.Ba (https://adpena.com/_astro/client.BrVvuY-8.js:1:1834)
[   96886ms] Error: Minified React error #418; visit https://react.dev/errors/418?args[]=text&args[]= for the full message or use the non-minified dev environment for full errors and additional helpful warnings.
    at pt (https://adpena.com/_astro/client.BrVvuY-8.js:8:31372)
    at v0 (https://adpena.com/_astro/client.BrVvuY-8.js:8:32391)
    at Rm (https://adpena.com/_astro/client.BrVvuY-8.js:8:86268)
    at sn (https://adpena.com/_astro/client.BrVvuY-8.js:8:117183)
    at n1 (https://adpena.com/_astro/client.BrVvuY-8.js:8:116442)
    at wm (https://adpena.com/_astro/client.BrVvuY-8.js:8:116354)
    at Wm (https://adpena.com/_astro/client.BrVvuY-8.js:8:116214)
    at Pv (https://adpena.com/_astro/client.BrVvuY-8.js:8:111778)
    at z1 (https://adpena.com/_astro/client.BrVvuY-8.js:8:123785)
    at MessagePort.Ba (https://adpena.com/_astro/client.BrVvuY-8.js:1:1834)
